<?xml version="1.0" encoding="UTF-8"?>
<!-- Generated by org.testng.reporters.JUnitXMLReporter -->
<testsuite ignored="0" hostname="DESKTOP-9GL3C6H" failures="2" tests="2" name="Test" time="9.814" errors="0" timestamp="2022-11-11T21:05:14 IST">
  <testcase classname="com.gcrshop.Testcase" name="googlesearch" time="6.121">
    <failure type="java.lang.AssertionError" message="expected [Chennai] but found [Chennai - Google Search]">
      <![CDATA[java.lang.AssertionError: expected [Chennai] but found [Chennai - Google Search]
at com.gcrshop.Testcase.googlesearch(Testcase.java:19)
at java.base/java.util.ArrayList.forEach(ArrayList.java:1511)
... Removed 33 stack frames]]>
    </failure>
  </testcase> <!-- googlesearch -->
  <testcase classname="com.gcrshop.Testcase" name="phptravels" time="3.212">
    <failure type="java.lang.AssertionError" message="expected [Login in to PHP travels Admin] but found [Administator Login]">
      <![CDATA[java.lang.AssertionError: expected [Login in to PHP travels Admin] but found [Administator Login]
at com.gcrshop.Testcase.phptravels(Testcase.java:32)
at java.base/java.util.ArrayList.forEach(ArrayList.java:1511)
... Removed 33 stack frames]]>
    </failure>
  </testcase> <!-- phptravels -->
</testsuite> <!-- Test -->
