<?xml version="1.0" encoding="UTF-8"?>
<!-- Generated by org.testng.reporters.JUnitXMLReporter -->
<testsuite ignored="0" hostname="DESKTOP-9GL3C6H" failures="0" tests="3" name="Parallel Test" time="22.53" errors="0" timestamp="2022-10-20T20:28:33 IST">
  <testcase classname="testNG.Parallel" name="openGoogle" time="8.254"/>
  <testcase classname="testNG.Parallel" name="openWhatsapp" time="7.252"/>
  <testcase classname="testNG.Parallel" name="openYoutube" time="6.987"/>
</testsuite> <!-- Parallel Test -->
