<?xml version="1.0" encoding="UTF-8"?>
<!-- Generated by org.testng.reporters.JUnitXMLReporter -->
<testsuite ignored="0" hostname="DESKTOP-9GL3C6H" failures="0" tests="3" name="Parallel Test" time="9.25" errors="0" timestamp="2022-08-22T20:10:57 IST">
  <testcase classname="testNG.Parallel" name="openGoogle" time="4.508"/>
  <testcase classname="testNG.Parallel" name="openYoutube" time="8.646"/>
  <testcase classname="testNG.Parallel" name="openWhatsapp" time="9.211"/>
</testsuite> <!-- Parallel Test -->
