<?xml version="1.0" encoding="UTF-8"?>
<!-- Generated by org.testng.reporters.JUnitXMLReporter -->
<testsuite ignored="0" hostname="DESKTOP-9GL3C6H" failures="1" tests="2" name="Sample Program With Listener" time="7.023" errors="0" timestamp="2022-11-03T18:25:44 IST">
  <testcase classname="testNG.GothrourghTestNG" name="openGoogle" time="6.942"/>
  <testcase classname="testNG.GothrourghTestNG" name="openGoogle" time="6.974">
    <failure type="java.lang.NullPointerException" message="Cannot invoke &amp;quot;org.openqa.selenium.TakesScreenshot.getScreenshotAs(org.openqa.selenium.OutputType)&amp;quot; because &amp;quot;takeshot&amp;quot; is null">
      <![CDATA[java.lang.NullPointerException: Cannot invoke "org.openqa.selenium.TakesScreenshot.getScreenshotAs(org.openqa.selenium.OutputType)" because "takeshot" is null
at testNG.GothrourghTestNG.screenshot(GothrourghTestNG.java:84)
at testNG.Listeners.onTestSuccess(Listeners.java:25)
at java.base/java.util.ArrayList.forEach(ArrayList.java:1511)
... Removed 24 stack frames]]>
    </failure>
  </testcase> <!-- openGoogle -->
</testsuite> <!-- Sample Program With Listener -->
