<?xml version="1.0" encoding="UTF-8"?>
<!-- Generated by org.testng.reporters.JUnitXMLReporter -->
<testsuite ignored="1" hostname="DESKTOP-9GL3C6H" failures="0" tests="4" name="Sample Program With Listener" time="0.127" errors="0" timestamp="2022-08-22T22:53:20 IST">
  <testcase classname="testNG.Sample" name="name" time="0.012"/>
  <testcase classname="testNG.Sample" name="id" time="0.001"/>
  <testcase classname="testNG.Sample" name="fatherName" time="0.001"/>
  <testcase classname="testNG.Sample" name="address" time="0.001"/>
  <testcase classname="testNG.Sample" name="bikeNo" time="0.0">
    <ignored/>
  </testcase> <!-- bikeNo -->
</testsuite> <!-- Sample Program With Listener -->
