<?xml version="1.0" encoding="UTF-8"?>
<!-- Generated by org.testng.reporters.JUnitXMLReporter -->
<testsuite ignored="4" hostname="DESKTOP-9GL3C6H" failures="0" tests="5" name="TestNG Test" time="0.073" errors="0" timestamp="2022-10-12T21:06:36 IST">
  <testcase classname="testNG.Grouping" name="appleJuice" time="0.011"/>
  <testcase classname="testNG.Grouping" name="bananaJuice" time="0.002"/>
  <testcase classname="testNG.Grouping" name="fruitmix" time="0.001"/>
  <testcase classname="testNG.Grouping" name="jackfruit" time="0.001"/>
  <testcase classname="testNG.Grouping" name="orangeJuice" time="0.001"/>
  <testcase classname="testNG.Grouping" name="orange" time="0.0">
    <ignored/>
  </testcase> <!-- orange -->
  <testcase classname="testNG.Grouping" name="graps" time="0.0">
    <ignored/>
  </testcase> <!-- graps -->
  <testcase classname="testNG.Grouping" name="apple" time="0.0">
    <ignored/>
  </testcase> <!-- apple -->
  <testcase classname="testNG.Grouping" name="banana" time="0.0">
    <ignored/>
  </testcase> <!-- banana -->
</testsuite> <!-- TestNG Test -->
