<?xml version="1.0" encoding="UTF-8"?>
<!-- Generated by org.testng.reporters.JUnitXMLReporter -->
<testsuite ignored="1" hostname="DESKTOP-9GL3C6H" failures="0" tests="8" name="Test Sample" time="0.14" errors="0" timestamp="2022-08-21T14:18:20 IST">
  <testcase classname="testNG.Sample" name="name" time="0.023"/>
  <testcase classname="testNG.Sample" name="id" time="0.002"/>
  <testcase classname="testNG.Sample" name="fatherName" time="0.002"/>
  <testcase classname="testNG.Sample" name="address" time="0.001"/>
  <testcase classname="testNG.Dependency" name="depositMoney" time="0.002"/>
  <testcase classname="testNG.Dependency" name="haveMoney" time="0.001"/>
  <testcase classname="testNG.Dependency" name="buyBanana" time="0.0"/>
  <testcase classname="testNG.Dependency" name="noMoney" time="0.0"/>
  <testcase classname="testNG.Sample" name="bikeNo" time="0.0">
    <ignored/>
  </testcase> <!-- bikeNo -->
</testsuite> <!-- Test Sample -->
