<?xml version="1.0" encoding="UTF-8"?>
<!-- Generated by org.testng.reporters.JUnitXMLReporter -->
<testsuite ignored="0" hostname="DESKTOP-9GL3C6H" failures="2" tests="3" name="Failure Testcase" time="34.343" errors="0" timestamp="2022-11-03T22:13:51 IST">
  <testcase classname="com.gcrshop.Testcase1" name="test1" time="7.673"/>
  <testcase classname="com.gcrshop.Testcase1" name="test2" time="7.288">
    <failure type="java.lang.AssertionError" message="expected [Log in to Facebook] but found [Facebook – log in or sign up]">
      <![CDATA[java.lang.AssertionError: expected [Log in to Facebook] but found [Facebook – log in or sign up]
at com.gcrshop.Testcase1.test2(Testcase1.java:29)
at java.base/java.util.ArrayList.forEach(ArrayList.java:1511)
... Removed 33 stack frames]]>
    </failure>
  </testcase> <!-- test2 -->
  <testcase classname="com.gcrshop.Testcase1" name="test3" time="15.393">
    <failure type="java.lang.AssertionError" message="expected [Welcome] but found [OrangeHRM]">
      <![CDATA[java.lang.AssertionError: expected [Welcome] but found [OrangeHRM]
at com.gcrshop.Testcase1.test3(Testcase1.java:42)
at java.base/java.util.ArrayList.forEach(ArrayList.java:1511)
... Removed 33 stack frames]]>
    </failure>
  </testcase> <!-- test3 -->
</testsuite> <!-- Failure Testcase -->
