<?xml version="1.0" encoding="UTF-8"?>
<!-- Generated by org.testng.reporters.JUnitXMLReporter -->
<testsuite ignored="1" hostname="DESKTOP-9GL3C6H" failures="0" tests="4" name="GCR Shop Login Test Case" time="65.36" errors="0" timestamp="2022-09-13T22:15:46 IST">
  <testcase classname="com.gcrshop.UserPageTest" name="login" time="16.252"/>
  <testcase classname="com.gcrshop.UserPageTest" name="login" time="16.228"/>
  <testcase classname="com.gcrshop.UserPageTest" name="login" time="16.497"/>
  <testcase classname="com.gcrshop.UserPageTest" name="login" time="16.236"/>
  <testcase classname="com.gcrshop.UserPageTest" name="register" time="0.0">
    <ignored/>
  </testcase> <!-- register -->
</testsuite> <!-- GCR Shop Login Test Case -->
