<?xml version="1.0" encoding="UTF-8"?>
<!-- Generated by org.testng.reporters.JUnitXMLReporter -->
<testsuite ignored="0" hostname="DESKTOP-9GL3C6H" failures="0" tests="12" name="SwagLabs Login Test Senario" time="89.73" errors="0" timestamp="2022-08-24T21:09:35 IST">
  <testcase classname="testNG.SwagLabs" name="loginSwagLabs" time="6.329"/>
  <testcase classname="testNG.SwagLabs" name="loginSwagLabs" time="6.281"/>
  <testcase classname="testNG.SwagLabs" name="loginSwagLabs" time="6.268"/>
  <testcase classname="testNG.SwagLabs" name="loginSwagLabs" time="11.254"/>
  <testcase classname="testNG.SwagLabs" name="loginSwagLabs" time="6.228"/>
  <testcase classname="testNG.SwagLabs" name="loginSwagLabs" time="6.255"/>
  <testcase classname="testNG.SwagLabs" name="loginSwagLabs" time="6.278"/>
  <testcase classname="testNG.SwagLabs" name="loginSwagLabs" time="6.253"/>
  <testcase classname="testNG.SwagLabs" name="loginSwagLabs" time="6.25"/>
  <testcase classname="testNG.SwagLabs" name="loginSwagLabs" time="6.268"/>
  <testcase classname="testNG.SwagLabs" name="loginSwagLabs" time="6.252"/>
  <testcase classname="testNG.SwagLabs" name="loginSwagLabs" time="11.256"/>
</testsuite> <!-- SwagLabs Login Test Senario -->
